2023/06/22 14:44:46 {"callers":["/Users/chenzilong/workspace/go-programming-tour-book/blog-service/main.go: 31 main.init.0"],"level":1,"message":"eddycjy: go-programming-tour-book/blog-service","time":1687416286811666000}
2023/06/22 14:45:44 {"callers":["/Users/chenzilong/workspace/go-programming-tour-book/blog-service/main.go: 31 main.init.0"],"level":1,"message":"eddycjy: my name is blkcor/blog-service","time":1687416344460200000}
2023/06/22 14:45:49 {"callers":["/Users/chenzilong/workspace/go-programming-tour-book/blog-service/main.go: 31 main.init.0"],"level":1,"message":"eddycjy: my name is blkcor/blog-service","time":1687416349200234000}
2023/06/22 14:45:54 {"callers":["/Users/chenzilong/workspace/go-programming-tour-book/blog-service/main.go: 31 main.init.0"],"level":1,"message":"eddycjy: my name is blkcor/blog-service","time":1687416354027972000}
2023/06/22 15:14:41 {"callers":["/Users/chenzilong/workspace/go-programming-tour-book/blog-service/main.go: 31 main.init.0"],"level":1,"message":"eddycjy: my name is blkcor/blog-service","time":1687418081692211000}
2023/06/22 16:12:00 {"callers":["/Users/chenzilong/workspace/go-programming-tour-book/blog-service/main.go: 35 main.init.0"],"level":1,"message":"eddycjy: my name is blkcor/blog-service","time":1687421520697854000}
2023/06/22 17:09:00 {"callers":["/Users/chenzilong/workspace/go-programming-tour-book/blog-service/main.go: 35 main.init.0"],"level":1,"message":"eddycjy: my name is blkcor/blog-service","time":1687424940633327000}
2023/06/22 17:09:15 {"callers":["/Users/chenzilong/workspace/go-programming-tour-book/blog-service/main.go: 35 main.init.0"],"level":3,"message":"app.BindAndValid errs: State必须是[0 1]中的一个","time":1687424955723407000}
2023/06/22 17:12:16 {"callers":["/Users/chenzilong/workspace/go-programming-tour-book/blog-service/main.go: 35 main.init.0"],"level":1,"message":"eddycjy: my name is blkcor/blog-service","time":1687425136970299000}
2023/06/22 17:43:23 {"callers":["/Users/chenzilong/workspace/go-programming-tour-book/blog-service/main.go: 35 main.init.0"],"level":1,"message":"eddycjy: my name is blkcor/blog-service","time":1687427003614417000}
2023/06/23 16:43:06 {"callers":["/Users/chenzilong/workspace/go-programming-tour-book/blog-service/main.go: 35 main.init.0"],"level":1,"message":"eddycjy: my name is blkcor/blog-service","time":1687509786478916000}
2023/06/23 16:43:13 {"callers":["/Users/chenzilong/workspace/go-programming-tour-book/blog-service/main.go: 35 main.init.0"],"level":3,"message":"app.BindAndValid errs: Name长度必须至少为3个字符","time":1687509793355868000}
2023/06/23 16:43:19 {"callers":["/Users/chenzilong/workspace/go-programming-tour-book/blog-service/main.go: 35 main.init.0"],"level":3,"message":"svc.CountTag err: Error 1054: Unknown column 'is_del' in 'where clause'","time":1687509799760133000}
2023/06/23 16:43:52 {"callers":["/Users/chenzilong/workspace/go-programming-tour-book/blog-service/main.go: 35 main.init.0"],"level":3,"message":"svc.CountTag err: Error 1054: Unknown column 'is_del' in 'where clause'","time":1687509832018272000}
2023/06/23 16:44:08 {"callers":["/Users/chenzilong/workspace/go-programming-tour-book/blog-service/main.go: 35 main.init.0"],"level":3,"message":"svc.CountTag err: Error 1054: Unknown column 'is_del' in 'where clause'","time":1687509848731603000}
2023/06/23 16:44:11 {"callers":["/Users/chenzilong/workspace/go-programming-tour-book/blog-service/main.go: 35 main.init.0"],"level":3,"message":"svc.CountTag err: Error 1054: Unknown column 'is_del' in 'where clause'","time":1687509851809919000}
2023/06/23 16:45:44 {"callers":["/Users/chenzilong/workspace/go-programming-tour-book/blog-service/main.go: 35 main.init.0"],"level":3,"message":"app.BindAndValid errs: Name长度必须至少为3个字符,CreatedBy为必填字段","time":1687509944283764000}
2023/06/23 16:45:57 {"callers":["/Users/chenzilong/workspace/go-programming-tour-book/blog-service/main.go: 35 main.init.0"],"level":3,"message":"app.BindAndValid errs: CreatedBy为必填字段","time":1687509957283295000}
2023/06/23 16:46:02 {"callers":["/Users/chenzilong/workspace/go-programming-tour-book/blog-service/main.go: 35 main.init.0"],"level":3,"message":"app.BindAndValid errs: CreatedBy为必填字段","time":1687509962906390000}
2023/06/23 16:46:05 {"callers":["/Users/chenzilong/workspace/go-programming-tour-book/blog-service/main.go: 35 main.init.0"],"level":3,"message":"svc.CountTag err: Error 1054: Unknown column 'is_del' in 'where clause'","time":1687509965633273000}
2023/06/23 16:46:25 {"callers":["/Users/chenzilong/workspace/go-programming-tour-book/blog-service/main.go: 35 main.init.0"],"level":3,"message":"svc.CountTag err: Error 1054: Unknown column 'is_del' in 'where clause'","time":1687509985342249000}
2023/06/23 16:46:25 {"callers":["/Users/chenzilong/workspace/go-programming-tour-book/blog-service/main.go: 35 main.init.0"],"level":3,"message":"svc.CountTag err: Error 1054: Unknown column 'is_del' in 'where clause'","time":1687509985989077000}
2023/06/23 16:46:26 {"callers":["/Users/chenzilong/workspace/go-programming-tour-book/blog-service/main.go: 35 main.init.0"],"level":3,"message":"svc.CountTag err: Error 1054: Unknown column 'is_del' in 'where clause'","time":1687509986167382000}
2023/06/23 16:46:26 {"callers":["/Users/chenzilong/workspace/go-programming-tour-book/blog-service/main.go: 35 main.init.0"],"level":3,"message":"svc.CountTag err: Error 1054: Unknown column 'is_del' in 'where clause'","time":1687509986306682000}
2023/06/23 16:46:26 {"callers":["/Users/chenzilong/workspace/go-programming-tour-book/blog-service/main.go: 35 main.init.0"],"level":3,"message":"svc.CountTag err: Error 1054: Unknown column 'is_del' in 'where clause'","time":1687509986431566000}
2023/06/23 16:46:26 {"callers":["/Users/chenzilong/workspace/go-programming-tour-book/blog-service/main.go: 35 main.init.0"],"level":3,"message":"svc.CountTag err: Error 1054: Unknown column 'is_del' in 'where clause'","time":1687509986569735000}
2023/06/23 16:46:26 {"callers":["/Users/chenzilong/workspace/go-programming-tour-book/blog-service/main.go: 35 main.init.0"],"level":3,"message":"svc.CountTag err: Error 1054: Unknown column 'is_del' in 'where clause'","time":1687509986712780000}
2023/06/23 16:47:10 {"callers":["/Users/chenzilong/workspace/go-programming-tour-book/blog-service/main.go: 35 main.init.0"],"level":1,"message":"eddycjy: my name is blkcor/blog-service","time":1687510030432216000}
2023/06/23 16:48:38 {"callers":["/Users/chenzilong/workspace/go-programming-tour-book/blog-service/main.go: 35 main.init.0"],"level":3,"message":"app.BindAndValid errs: Name长度必须至少为3个字符","time":1687510118747318000}
2023/06/23 16:49:45 {"callers":["/Users/chenzilong/workspace/go-programming-tour-book/blog-service/main.go: 35 main.init.0"],"level":1,"message":"eddycjy: my name is blkcor/blog-service","time":1687510185659265000}
2023/06/23 16:49:50 {"callers":["/Users/chenzilong/workspace/go-programming-tour-book/blog-service/main.go: 35 main.init.0"],"level":1,"message":"eddycjy: my name is blkcor/blog-service","time":1687510190834051000}
2023/06/23 16:50:19 {"callers":["/Users/chenzilong/workspace/go-programming-tour-book/blog-service/main.go: 35 main.init.0"],"level":3,"message":"app.BindAndValid errs: Name长度必须至少为3个字符","time":1687510219585577000}
2023/06/23 16:51:45 {"callers":["/Users/chenzilong/workspace/go-programming-tour-book/blog-service/main.go: 35 main.init.0"],"level":3,"message":"app.BindAndValid errs: Name长度必须至少为3个字符","time":1687510305981416000}
2023/06/23 16:51:48 {"callers":["/Users/chenzilong/workspace/go-programming-tour-book/blog-service/main.go: 35 main.init.0"],"level":1,"message":"eddycjy: my name is blkcor/blog-service","time":1687510308703342000}
2023/06/23 16:51:50 {"callers":["/Users/chenzilong/workspace/go-programming-tour-book/blog-service/main.go: 35 main.init.0"],"level":3,"message":"svc.createTag err: Error 1054: Unknown column 'created_by' in 'field list'","time":1687510310303970000}
2023/06/23 16:53:05 {"callers":["/Users/chenzilong/workspace/go-programming-tour-book/blog-service/main.go: 35 main.init.0"],"level":1,"message":"eddycjy: my name is blkcor/blog-service","time":1687510385906415000}
2023/06/23 16:54:38 {"callers":["/Users/chenzilong/workspace/go-programming-tour-book/blog-service/main.go: 35 main.init.0"],"level":3,"message":"svc.createTag err: Error 1054: Unknown column 'created_by' in 'field list'","time":1687510478374974000}
2023/06/23 16:59:09 {"callers":["/Users/chenzilong/workspace/go-programming-tour-book/blog-service/main.go: 35 main.init.0"],"level":1,"message":"eddycjy: my name is blkcor/blog-service","time":1687510749712015000}
2023/06/23 16:59:13 {"callers":["/Users/chenzilong/workspace/go-programming-tour-book/blog-service/main.go: 35 main.init.0"],"level":3,"message":"svc.createTag err: Error 1054: Unknown column 'created_by' in 'field list'","time":1687510753950789000}
2023/06/23 17:01:12 {"callers":["/Users/chenzilong/workspace/go-programming-tour-book/blog-service/main.go: 35 main.init.0"],"level":3,"message":"svc.createTag err: Error 1054: Unknown column 'created_by' in 'field list'","time":1687510872806219000}
2023/06/23 17:04:45 {"callers":["/Users/chenzilong/workspace/go-programming-tour-book/blog-service/main.go: 35 main.init.0"],"level":1,"message":"eddycjy: my name is blkcor/blog-service","time":1687511085182198000}
2023/06/23 17:07:03 {"callers":["/Users/chenzilong/workspace/go-programming-tour-book/blog-service/main.go: 35 main.init.0"],"level":1,"message":"eddycjy: my name is blkcor/blog-service","time":1687511223921289000}
2023/06/23 17:08:40 {"callers":["/Users/chenzilong/workspace/go-programming-tour-book/blog-service/main.go: 35 main.init.0"],"level":3,"message":"app.BindAndValid errs: Name长度必须至少为3个字符,State为必填字段","time":1687511320706273000}
2023/06/23 17:10:52 {"callers":["/Users/chenzilong/workspace/go-programming-tour-book/blog-service/main.go: 35 main.init.0"],"level":3,"message":"app.BindAndValid errs: Name长度必须至少为3个字符,State必须是[0 1]中的一个","time":1687511452786956000}
2023/06/23 17:10:59 {"callers":["/Users/chenzilong/workspace/go-programming-tour-book/blog-service/main.go: 35 main.init.0"],"level":3,"message":"app.BindAndValid errs: Name长度必须至少为3个字符","time":1687511459064093000}
2023/06/23 17:11:22 {"callers":["/Users/chenzilong/workspace/go-programming-tour-book/blog-service/main.go: 35 main.init.0"],"level":3,"message":"app.BindAndValid errs: Name长度必须至少为3个字符,State为必填字段","time":1687511482985325000}
2023/06/23 17:11:23 {"callers":["/Users/chenzilong/workspace/go-programming-tour-book/blog-service/main.go: 35 main.init.0"],"level":3,"message":"app.BindAndValid errs: Name长度必须至少为3个字符,State为必填字段","time":1687511483586698000}
2023/06/23 17:11:23 {"callers":["/Users/chenzilong/workspace/go-programming-tour-book/blog-service/main.go: 35 main.init.0"],"level":3,"message":"app.BindAndValid errs: State为必填字段,Name长度必须至少为3个字符","time":1687511483707021000}
2023/06/23 17:11:23 {"callers":["/Users/chenzilong/workspace/go-programming-tour-book/blog-service/main.go: 35 main.init.0"],"level":3,"message":"app.BindAndValid errs: Name长度必须至少为3个字符,State为必填字段","time":1687511483994737000}
2023/06/23 17:13:49 {"callers":["/Users/chenzilong/workspace/go-programming-tour-book/blog-service/main.go: 35 main.init.0"],"level":3,"message":"app.BindAndValid errs: Name长度必须至少为3个字符,State为必填字段","time":1687511629518509000}
2023/06/23 17:15:25 {"callers":["/Users/chenzilong/workspace/go-programming-tour-book/blog-service/main.go: 35 main.init.0"],"level":1,"message":"eddycjy: my name is blkcor/blog-service","time":1687511725115446000}
2023/06/23 17:15:26 {"callers":["/Users/chenzilong/workspace/go-programming-tour-book/blog-service/main.go: 35 main.init.0"],"level":3,"message":"app.BindAndValid errs: Name长度必须至少为3个字符,State为必填字段","time":1687511726115712000}
2023/06/23 17:15:34 {"callers":["/Users/chenzilong/workspace/go-programming-tour-book/blog-service/main.go: 35 main.init.0"],"level":3,"message":"app.BindAndValid errs: Name长度必须至少为3个字符,State为必填字段","time":1687511734019267000}
2023/06/23 17:15:34 {"callers":["/Users/chenzilong/workspace/go-programming-tour-book/blog-service/main.go: 35 main.init.0"],"level":3,"message":"app.BindAndValid errs: Name长度必须至少为3个字符,State为必填字段","time":1687511734907149000}
2023/06/23 17:16:48 {"callers":["/Users/chenzilong/workspace/go-programming-tour-book/blog-service/main.go: 35 main.init.0"],"level":3,"message":"app.BindAndValid errs: State为必填字段,Name长度必须至少为3个字符","time":1687511808492838000}
2023/06/23 17:17:01 {"callers":["/Users/chenzilong/workspace/go-programming-tour-book/blog-service/main.go: 35 main.init.0"],"level":3,"message":"app.BindAndValid errs: Name长度必须至少为3个字符,State为必填字段","time":1687511821645072000}
2023/06/23 17:17:45 {"callers":["/Users/chenzilong/workspace/go-programming-tour-book/blog-service/main.go: 35 main.init.0"],"level":1,"message":"eddycjy: my name is blkcor/blog-service","time":1687511865787934000}
2023/06/23 17:18:19 {"callers":["/Users/chenzilong/workspace/go-programming-tour-book/blog-service/main.go: 35 main.init.0"],"level":1,"message":"eddycjy: my name is blkcor/blog-service","time":1687511899720130000}
2023/06/23 17:21:27 {"callers":["/Users/chenzilong/workspace/go-programming-tour-book/blog-service/main.go: 35 main.init.0"],"level":1,"message":"eddycjy: my name is blkcor/blog-service","time":1687512087354949000}
2023/06/23 17:21:51 {"callers":["/Users/chenzilong/workspace/go-programming-tour-book/blog-service/main.go: 35 main.init.0"],"level":3,"message":"app.BindAndValid errs: Name长度必须至少为3个字符,State为必填字段","time":1687512111159672000}
2023/06/23 17:25:42 {"callers":["/Users/chenzilong/workspace/go-programming-tour-book/blog-service/main.go: 35 main.init.0"],"level":3,"message":"app.BindAndValid errs: Name长度必须至少为3个字符,State为必填字段","time":1687512342976026000}
2023/06/23 17:25:48 {"callers":["/Users/chenzilong/workspace/go-programming-tour-book/blog-service/main.go: 35 main.init.0"],"level":3,"message":"app.BindAndValid errs: Name长度必须至少为3个字符,State为必填字段,ModifiedBy为必填字段","time":1687512348564393000}
2023/06/23 17:25:50 {"callers":["/Users/chenzilong/workspace/go-programming-tour-book/blog-service/main.go: 35 main.init.0"],"level":3,"message":"app.BindAndValid errs: State为必填字段,ModifiedBy为必填字段,Name长度必须至少为3个字符","time":1687512350339023000}
2023/06/23 17:25:50 {"callers":["/Users/chenzilong/workspace/go-programming-tour-book/blog-service/main.go: 35 main.init.0"],"level":3,"message":"app.BindAndValid errs: Name长度必须至少为3个字符,State为必填字段,ModifiedBy为必填字段","time":1687512350339031000}
2023/06/23 17:27:16 {"callers":["/Users/chenzilong/workspace/go-programming-tour-book/blog-service/main.go: 35 main.init.0"],"level":3,"message":"app.BindAndValid errs: Name长度必须至少为3个字符,State为必填字段,ModifiedBy为必填字段","time":1687512436022012000}
2023/06/23 17:27:17 {"callers":["/Users/chenzilong/workspace/go-programming-tour-book/blog-service/main.go: 35 main.init.0"],"level":3,"message":"app.BindAndValid errs: ModifiedBy为必填字段,Name长度必须至少为3个字符","time":1687512437252008000}
2023/06/23 17:27:54 {"callers":["/Users/chenzilong/workspace/go-programming-tour-book/blog-service/main.go: 35 main.init.0"],"level":3,"message":"app.BindAndValid errs: Name长度必须至少为3个字符,ModifiedBy为必填字段","time":1687512474140338000}
2023/06/23 17:30:04 {"callers":["/Users/chenzilong/workspace/go-programming-tour-book/blog-service/main.go: 35 main.init.0"],"level":3,"message":"app.BindAndValid errs: Name长度必须至少为3个字符,State为必填字段,ModifiedBy为必填字段","time":1687512604229242000}
2023/06/23 17:33:16 {"callers":["/Users/chenzilong/workspace/go-programming-tour-book/blog-service/main.go: 35 main.init.0"],"level":3,"message":"app.BindAndValid errs: ","time":1687512796216373000}
2023/06/23 17:35:26 {"callers":["/Users/chenzilong/workspace/go-programming-tour-book/blog-service/main.go: 35 main.init.0"],"level":3,"message":"app.BindAndValid errs: ","time":1687512926981814000}
2023/06/23 17:35:48 {"callers":["/Users/chenzilong/workspace/go-programming-tour-book/blog-service/main.go: 35 main.init.0"],"level":1,"message":"eddycjy: my name is blkcor/blog-service","time":1687512948906746000}
2023/06/23 17:35:55 {"callers":["/Users/chenzilong/workspace/go-programming-tour-book/blog-service/main.go: 35 main.init.0"],"level":3,"message":"app.BindAndValid errs: ","time":1687512955016400000}
2023/06/23 17:35:59 {"callers":["/Users/chenzilong/workspace/go-programming-tour-book/blog-service/main.go: 35 main.init.0"],"level":3,"message":"app.BindAndValid errs: ","time":1687512959331261000}
2023/06/23 17:35:59 {"callers":["/Users/chenzilong/workspace/go-programming-tour-book/blog-service/main.go: 35 main.init.0"],"level":3,"message":"app.BindAndValid errs: ","time":1687512959858381000}
2023/06/23 17:36:44 {"callers":["/Users/chenzilong/workspace/go-programming-tour-book/blog-service/main.go: 35 main.init.0"],"level":3,"message":"app.BindAndValid errs: ","time":1687513004863570000}
2023/06/23 17:37:03 {"callers":["/Users/chenzilong/workspace/go-programming-tour-book/blog-service/main.go: 35 main.init.0"],"level":3,"message":"app.BindAndValid errs: ID为必填字段,Name长度必须至少为3个字符,State为必填字段","time":1687513023872198000}
2023/06/23 17:37:41 {"callers":["/Users/chenzilong/workspace/go-programming-tour-book/blog-service/main.go: 35 main.init.0"],"level":3,"message":"app.BindAndValid errs: ID为必填字段,Name长度必须至少为3个字符,State为必填字段","time":1687513061600896000}
2023/06/23 17:41:14 {"callers":["/Users/chenzilong/workspace/go-programming-tour-book/blog-service/main.go: 35 main.init.0"],"level":1,"message":"eddycjy: my name is blkcor/blog-service","time":1687513274084061000}
2023/06/23 17:41:21 {"callers":["/Users/chenzilong/workspace/go-programming-tour-book/blog-service/main.go: 35 main.init.0"],"level":3,"message":"app.BindAndValid errs: ID为必填字段,Name长度必须至少为3个字符,State为必填字段","time":1687513281949277000}
2023/06/23 17:41:37 {"callers":["/Users/chenzilong/workspace/go-programming-tour-book/blog-service/main.go: 35 main.init.0"],"level":1,"message":"eddycjy: my name is blkcor/blog-service","time":1687513297105183000}
2023/06/23 17:44:06 {"callers":["/Users/chenzilong/workspace/go-programming-tour-book/blog-service/main.go: 35 main.init.0"],"level":1,"message":"eddycjy: my name is blkcor/blog-service","time":1687513446081628000}
2023/06/23 17:44:22 {"callers":["/Users/chenzilong/workspace/go-programming-tour-book/blog-service/main.go: 35 main.init.0"],"level":3,"message":"app.BindAndValid errs: Name长度必须至少为3个字符,State为必填字段","time":1687513462740580000}
2023/06/23 17:55:34 {"callers":["/Users/chenzilong/workspace/go-programming-tour-book/blog-service/main.go: 35 main.init.0"],"level":1,"message":"eddycjy: my name is blkcor/blog-service","time":1687514134858678000}
2023/06/23 17:56:08 {"callers":["/Users/chenzilong/workspace/go-programming-tour-book/blog-service/main.go: 35 main.init.0"],"level":3,"message":"app.BindAndValid errs: State为必填字段","time":1687514168260758000}
2023/06/23 17:56:20 {"callers":["/Users/chenzilong/workspace/go-programming-tour-book/blog-service/main.go: 35 main.init.0"],"level":1,"message":"eddycjy: my name is blkcor/blog-service","time":1687514180689379000}
2023/06/23 17:56:23 {"callers":["/Users/chenzilong/workspace/go-programming-tour-book/blog-service/main.go: 35 main.init.0"],"level":3,"message":"app.BindAndValid errs: State为必填字段","time":1687514183494690000}
2023/06/23 17:56:24 {"callers":["/Users/chenzilong/workspace/go-programming-tour-book/blog-service/main.go: 35 main.init.0"],"level":3,"message":"app.BindAndValid errs: State为必填字段","time":1687514184844136000}
2023/06/23 17:56:25 {"callers":["/Users/chenzilong/workspace/go-programming-tour-book/blog-service/main.go: 35 main.init.0"],"level":3,"message":"app.BindAndValid errs: State为必填字段","time":1687514185473325000}
2023/06/23 17:56:48 {"callers":["/Users/chenzilong/workspace/go-programming-tour-book/blog-service/main.go: 35 main.init.0"],"level":3,"message":"app.BindAndValid errs: State为必填字段","time":1687514208345149000}
2023/06/23 17:59:59 {"callers":["/Users/chenzilong/workspace/go-programming-tour-book/blog-service/main.go: 35 main.init.0"],"level":1,"message":"eddycjy: my name is blkcor/blog-service","time":1687514399225845000}
2023/06/23 19:20:06 {"callers":["/Users/chenzilong/workspace/go-programming-tour-book/blog-service/main.go: 35 main.init.0"],"level":1,"message":"eddycjy: my name is blkcor/blog-service","time":1687519206082560000}
2023/06/23 19:21:27 {"callers":["/Users/chenzilong/workspace/go-programming-tour-book/blog-service/main.go: 35 main.init.0"],"level":3,"message":"app.BindAndValid errs: State为必填字段","time":1687519287307112000}
2023/06/23 19:23:08 {"callers":["/Users/chenzilong/workspace/go-programming-tour-book/blog-service/main.go: 35 main.init.0"],"level":1,"message":"eddycjy: my name is blkcor/blog-service","time":1687519388805372000}
2023/06/23 19:25:27 {"callers":["/Users/chenzilong/workspace/go-programming-tour-book/blog-service/main.go: 35 main.init.0"],"level":1,"message":"eddycjy: my name is blkcor/blog-service","time":1687519527724530000}
2023/06/23 19:25:56 {"callers":["/Users/chenzilong/workspace/go-programming-tour-book/blog-service/main.go: 35 main.init.0"],"level":1,"message":"eddycjy: my name is blkcor/blog-service","time":1687519556486571000}
2023/06/23 19:27:21 {"callers":["/Users/chenzilong/workspace/go-programming-tour-book/blog-service/main.go: 35 main.init.0"],"level":1,"message":"eddycjy: my name is blkcor/blog-service","time":1687519641938302000}
2023/06/23 19:36:01 {"callers":["/Users/chenzilong/workspace/go-programming-tour-book/blog-service/main.go: 35 main.init.0"],"level":1,"message":"eddycjy: my name is blkcor/blog-service","time":1687520161600810000}
2023/06/23 19:39:21 {"callers":["/Users/chenzilong/workspace/go-programming-tour-book/blog-service/main.go: 35 main.init.0"],"level":1,"message":"eddycjy: my name is blkcor/blog-service","time":1687520361657194000}
2023/06/23 19:40:11 {"callers":["/Users/chenzilong/workspace/go-programming-tour-book/blog-service/main.go: 35 main.init.0"],"level":1,"message":"eddycjy: my name is blkcor/blog-service","time":1687520411912393000}
2023/06/23 19:40:37 {"callers":["/Users/chenzilong/workspace/go-programming-tour-book/blog-service/main.go: 35 main.init.0"],"level":1,"message":"eddycjy: my name is blkcor/blog-service","time":1687520437394756000}
2023/06/23 19:41:14 {"callers":["/Users/chenzilong/workspace/go-programming-tour-book/blog-service/main.go: 35 main.init.0"],"level":1,"message":"eddycjy: my name is blkcor/blog-service","time":1687520474113932000}
2023/06/23 19:42:31 {"callers":["/Users/chenzilong/workspace/go-programming-tour-book/blog-service/main.go: 35 main.init.0"],"level":1,"message":"eddycjy: my name is blkcor/blog-service","time":1687520551179072000}
2023/06/23 19:44:51 {"callers":["/Users/chenzilong/workspace/go-programming-tour-book/blog-service/main.go: 35 main.init.0"],"level":1,"message":"eddycjy: my name is blkcor/blog-service","time":1687520691979897000}
2023/06/23 19:45:45 {"callers":["/Users/chenzilong/workspace/go-programming-tour-book/blog-service/main.go: 35 main.init.0"],"level":1,"message":"eddycjy: my name is blkcor/blog-service","time":1687520745910453000}
2023/06/23 19:51:27 {"callers":["/Users/chenzilong/workspace/go-programming-tour-book/blog-service/main.go: 35 main.init.0"],"level":1,"message":"eddycjy: my name is blkcor/blog-service","time":1687521087104035000}
2023/06/23 19:52:26 {"callers":["/Users/chenzilong/workspace/go-programming-tour-book/blog-service/main.go: 35 main.init.0"],"level":3,"message":"app.BindAndValid errs: State必须是[0 1]中的一个","time":1687521146584321000}
2023/06/23 19:53:11 {"callers":["/Users/chenzilong/workspace/go-programming-tour-book/blog-service/main.go: 35 main.init.0"],"level":1,"message":"eddycjy: my name is blkcor/blog-service","time":1687521191220889000}
2023/06/23 19:53:22 {"callers":["/Users/chenzilong/workspace/go-programming-tour-book/blog-service/main.go: 35 main.init.0"],"level":1,"message":"eddycjy: my name is blkcor/blog-service","time":1687521202071398000}
2023/06/23 19:53:40 {"callers":["/Users/chenzilong/workspace/go-programming-tour-book/blog-service/main.go: 35 main.init.0"],"level":1,"message":"eddycjy: my name is blkcor/blog-service","time":1687521220213580000}
2023/06/23 19:56:18 {"callers":["/Users/chenzilong/workspace/go-programming-tour-book/blog-service/main.go: 35 main.init.0"],"level":1,"message":"eddycjy: my name is blkcor/blog-service","time":1687521378411640000}
2023/06/23 19:58:07 {"callers":["/Users/chenzilong/workspace/go-programming-tour-book/blog-service/main.go: 35 main.init.0"],"level":1,"message":"eddycjy: my name is blkcor/blog-service","time":1687521487387841000}
2023/06/23 20:00:01 {"callers":["/Users/chenzilong/workspace/go-programming-tour-book/blog-service/main.go: 35 main.init.0"],"level":1,"message":"eddycjy: my name is blkcor/blog-service","time":1687521601522906000}
2023/06/23 20:09:12 {"callers":["/Users/chenzilong/workspace/go-programming-tour-book/blog-service/main.go: 35 main.init.0"],"level":1,"message":"eddycjy: my name is blkcor/blog-service","time":1687522152215215000}
2023/06/23 20:15:25 {"callers":["/Users/chenzilong/workspace/go-programming-tour-book/blog-service/main.go: 35 main.init.0"],"level":1,"message":"eddycjy: my name is blkcor/blog-service","time":1687522525473241000}
